18:06:50.610 INFO  [localhost-startStop-1] com.haulmont.cuba.core.sys.CubaClassPathXmlApplicationContext - Refreshing com.haulmont.cuba.core.sys.CubaClassPathXmlApplicationContext@282cf8b7: startup date [Sun Apr 17 18:06:50 CEST 2016]; root of context hierarchy
18:07:03.936 INFO  [localhost-startStop-1] com.haulmont.cuba.web.sys.remoting.WebRemoteProxyBeanCreator - Configuring proxy beans for local service invocations: [cuba_LoginService, cuba_ServerInfoService, cuba_UserSettingService, cuba_UserManagementService, cuba_DataService, cuba_ConfigStorageService, cuba_PersistenceManagerService, cuba_LockService, cuba_UserSessionService, cuba_FoldersService, cuba_EmailService, cuba_FileStorageService, cuba_EntitySnapshotService, cuba_UniqueNumbersService, cuba_LocalizedMessageService, cuba_ResourceService, cuba_ScheduledTasksService, cuba_EntityLogService, cuba_TestingService, cuba_ObjectsCacheManagerService, cuba_DomainDescriptionService, cuba_RelatedEntitiesService, cuba_EntitySqlGenerationService, cuba_NumberIdService, cuba_QueryResultsService, cuba_DynamicAttributesCacheService, cuba_EntityRestoreService, cuba_LocalFileExchangeService]
18:07:03.954 INFO  [localhost-startStop-1] com.haulmont.cuba.web.sys.remoting.WebRemoteProxyBeanCreator - Configuring proxy beans for local service invocations: [report_ReportService, report_ReportWizardService]
18:07:05.408 INFO  [localhost-startStop-1] com.haulmont.chile.core.datatypes.Datatypes - Can't find /datatypes.xml, using default datatypes settings
18:07:07.068 INFO  [localhost-startStop-1] com.haulmont.cuba.core.sys.CubaThreadPoolTaskScheduler - Initializing ExecutorService  'scheduler'
18:07:07.378 INFO  [localhost-startStop-1] com.haulmont.cuba.core.sys.jmx.MBeanExporter - Registering beans for JMX exposure: [app.cuba:type=ConfigStorage, app.cuba:type=CachingFacade, app.cuba:type=FileUploading, app.cuba:type=JmxNodeIdentifier, app.cuba:type=JmxLogControl, app.cuba:type=ClassLoaderManager, app.cuba:type=StatisticsCounter]
18:07:07.570 INFO  [localhost-startStop-1] com.haulmont.cuba.web.sys.WebAppContextLoader - AppContext initialized
18:07:07.686 INFO  [localhost-startStop-1] com.haulmont.cuba.web.sys.CubaDispatcherServlet - FrameworkServlet 'dispatcher': initialization started
18:07:07.715 INFO  [localhost-startStop-1] com.haulmont.cuba.core.sys.CubaXmlWebApplicationContext - Refreshing WebApplicationContext for namespace 'dispatcher-servlet': startup date [Sun Apr 17 18:07:07 CEST 2016]; parent: com.haulmont.cuba.core.sys.CubaClassPathXmlApplicationContext@282cf8b7
18:07:11.758 INFO  [localhost-startStop-1] com.haulmont.cuba.web.sys.CubaDispatcherServlet - FrameworkServlet 'dispatcher': initialization completed in 4068 ms
18:07:12.147 INFO  [localhost-startStop-1] com.haulmont.cuba.core.sys.AppContextLoader - DbmsType is set to postgres
18:07:12.343 INFO  [localhost-startStop-1] com.haulmont.cuba.core.sys.persistence.PersistenceConfigProcessor - Creating file C:\Users\yukorff\studio-projects\gestion-actividades\build\tomcat\work\app-core\persistence.xml
18:07:12.466 INFO  [localhost-startStop-1] com.haulmont.cuba.core.sys.CubaCoreApplicationContext - Refreshing com.haulmont.cuba.core.sys.CubaCoreApplicationContext@351f8374: startup date [Sun Apr 17 18:07:12 CEST 2016]; root of context hierarchy
18:07:30.473 INFO  [localhost-startStop-1] com.haulmont.chile.core.datatypes.Datatypes - Can't find /datatypes.xml, using default datatypes settings
18:07:36.859 INFO  [localhost-startStop-1] com.haulmont.cuba.core.sys.CubaThreadPoolTaskScheduler - Initializing ExecutorService  'scheduler'
18:07:38.798 INFO  [localhost-startStop-1] com.haulmont.cuba.core.sys.jmx.MBeanExporter - Registering beans for JMX exposure: [app-core.cuba:type=PersistenceManager, app-core.cuba:type=ConfigStorage, app-core.cuba:type=UserSessions, app-core.cuba:type=UniqueNumbers, app-core.cuba:type=Emailer, app-core.cuba:type=EntityLog, app-core.cuba:type=FileStorage, app-core.cuba:type=LockManager, app-core.cuba:type=CachingFacade, app-core.cuba:type=ClusterManager, app-core.cuba:type=ScriptingManager, app-core.cuba:type=ServerInfo, app-core.cuba:type=Scheduling, app-core.cuba:type=ObjectsCacheManager, app-core.cuba:type=PasswordEncryptionSupport, app-core.cuba:type=JmxNodeIdentifier, app-core.cuba:type=JmxLogControl, app-core.cuba:type=ClassLoaderManager, app-core.cuba:type=StatisticsCounter]
18:07:39.085 INFO  [localhost-startStop-1] com.haulmont.cuba.core.sys.jmx.MBeanExporter - Registering beans for JMX exposure: [app-core.reports:type=CubaOfficeIntegration, app-core.reports:type=ReportImportExport]
18:07:40.632 WARN  [localhost-startStop-1] com.haulmont.cuba.security.app.UserSessions - 
======================================================
CUBA platform license
Type: Commercial
License ID: 1503121
Licensed to: Not restricted
Application: Not restricted
Valid for CUBA platform releases up to: Not restricted
Maximum number of sessions: 5
Maximum number of entities: Not restricted
======================================================
18:07:40.695 INFO  [localhost-startStop-1] com.haulmont.cuba.core.sys.AppContextLoader - AppContext initialized
18:07:40.744 INFO  [localhost-startStop-1] com.haulmont.cuba.core.sys.remoting.RemotingServlet - FrameworkServlet 'remoting': initialization started
18:07:40.906 DEBUG [scheduler-2] com.haulmont.cuba.core.app.LockManager - Expiring locks
18:07:40.918 INFO  [localhost-startStop-1] com.haulmont.cuba.core.sys.remoting.RemoteServicesBeanCreator - Configuring remote services
18:07:41.298 INFO  [localhost-startStop-1] com.haulmont.cuba.core.sys.remoting.RemotingServlet - FrameworkServlet 'remoting': initialization completed in 553 ms
18:08:39.086 DEBUG [scheduler-6] com.haulmont.cuba.core.app.LockManager - Expiring locks
18:09:39.085 DEBUG [scheduler-10] com.haulmont.cuba.core.app.LockManager - Expiring locks
18:10:39.085 DEBUG [scheduler-3] com.haulmont.cuba.core.app.LockManager - Expiring locks
18:11:39.088 DEBUG [scheduler-10] com.haulmont.cuba.core.app.LockManager - Expiring locks
18:12:39.091 DEBUG [scheduler-6] com.haulmont.cuba.core.app.LockManager - Expiring locks
18:13:39.086 DEBUG [scheduler-10] com.haulmont.cuba.core.app.LockManager - Expiring locks
18:14:39.086 DEBUG [scheduler-7] com.haulmont.cuba.core.app.LockManager - Expiring locks
18:15:39.085 DEBUG [scheduler-5] com.haulmont.cuba.core.app.LockManager - Expiring locks
18:16:39.086 DEBUG [scheduler-4] com.haulmont.cuba.core.app.LockManager - Expiring locks
18:17:39.086 DEBUG [scheduler-9] com.haulmont.cuba.core.app.LockManager - Expiring locks
18:18:39.089 DEBUG [scheduler-5] com.haulmont.cuba.core.app.LockManager - Expiring locks
18:19:39.092 DEBUG [scheduler-10] com.haulmont.cuba.core.app.LockManager - Expiring locks
18:20:39.085 DEBUG [scheduler-2] com.haulmont.cuba.core.app.LockManager - Expiring locks
18:21:39.085 DEBUG [scheduler-8] com.haulmont.cuba.core.app.LockManager - Expiring locks
18:22:39.088 DEBUG [scheduler-2] com.haulmont.cuba.core.app.LockManager - Expiring locks
18:23:39.086 DEBUG [scheduler-5] com.haulmont.cuba.core.app.LockManager - Expiring locks
18:24:39.086 DEBUG [scheduler-6] com.haulmont.cuba.core.app.LockManager - Expiring locks
18:25:39.085 DEBUG [scheduler-8] com.haulmont.cuba.core.app.LockManager - Expiring locks
18:26:39.085 DEBUG [scheduler-4] com.haulmont.cuba.core.app.LockManager - Expiring locks
18:27:39.086 DEBUG [scheduler-8] com.haulmont.cuba.core.app.LockManager - Expiring locks
18:28:39.085 DEBUG [scheduler-8] com.haulmont.cuba.core.app.LockManager - Expiring locks
18:29:39.086 DEBUG [scheduler-1] com.haulmont.cuba.core.app.LockManager - Expiring locks
18:30:39.085 DEBUG [scheduler-5] com.haulmont.cuba.core.app.LockManager - Expiring locks
18:31:39.085 DEBUG [scheduler-8] com.haulmont.cuba.core.app.LockManager - Expiring locks
18:32:39.086 DEBUG [scheduler-8] com.haulmont.cuba.core.app.LockManager - Expiring locks
18:33:39.085 DEBUG [scheduler-9] com.haulmont.cuba.core.app.LockManager - Expiring locks
18:34:39.086 DEBUG [scheduler-2] com.haulmont.cuba.core.app.LockManager - Expiring locks
18:35:39.086 DEBUG [scheduler-4] com.haulmont.cuba.core.app.LockManager - Expiring locks
18:36:39.086 DEBUG [scheduler-10] com.haulmont.cuba.core.app.LockManager - Expiring locks
18:37:39.085 DEBUG [scheduler-4] com.haulmont.cuba.core.app.LockManager - Expiring locks
18:38:39.085 DEBUG [scheduler-4] com.haulmont.cuba.core.app.LockManager - Expiring locks
18:39:39.086 DEBUG [scheduler-6] com.haulmont.cuba.core.app.LockManager - Expiring locks
18:40:39.086 DEBUG [scheduler-4] com.haulmont.cuba.core.app.LockManager - Expiring locks
18:41:39.086 DEBUG [scheduler-7] com.haulmont.cuba.core.app.LockManager - Expiring locks
18:42:39.086 DEBUG [scheduler-4] com.haulmont.cuba.core.app.LockManager - Expiring locks
18:43:39.085 DEBUG [scheduler-5] com.haulmont.cuba.core.app.LockManager - Expiring locks
18:44:39.085 DEBUG [scheduler-8] com.haulmont.cuba.core.app.LockManager - Expiring locks
18:45:39.086 DEBUG [scheduler-10] com.haulmont.cuba.core.app.LockManager - Expiring locks
18:46:39.086 DEBUG [scheduler-10] com.haulmont.cuba.core.app.LockManager - Expiring locks
18:47:39.085 DEBUG [scheduler-3] com.haulmont.cuba.core.app.LockManager - Expiring locks
18:48:39.086 DEBUG [scheduler-1] com.haulmont.cuba.core.app.LockManager - Expiring locks
18:49:39.085 DEBUG [scheduler-5] com.haulmont.cuba.core.app.LockManager - Expiring locks
18:50:39.086 DEBUG [scheduler-9] com.haulmont.cuba.core.app.LockManager - Expiring locks
18:51:39.086 DEBUG [scheduler-8] com.haulmont.cuba.core.app.LockManager - Expiring locks
18:52:39.086 DEBUG [scheduler-6] com.haulmont.cuba.core.app.LockManager - Expiring locks
18:53:39.085 DEBUG [scheduler-8] com.haulmont.cuba.core.app.LockManager - Expiring locks
18:54:15.136 INFO  [localhost-startStop-2] com.haulmont.cuba.core.sys.CubaXmlWebApplicationContext - Closing WebApplicationContext for namespace 'dispatcher-servlet': startup date [Sun Apr 17 18:07:07 CEST 2016]; parent: com.haulmont.cuba.core.sys.CubaClassPathXmlApplicationContext@282cf8b7
18:54:15.253 INFO  [localhost-startStop-2] com.haulmont.cuba.core.sys.CubaClassPathXmlApplicationContext - Closing com.haulmont.cuba.core.sys.CubaClassPathXmlApplicationContext@282cf8b7: startup date [Sun Apr 17 18:06:50 CEST 2016]; root of context hierarchy
18:54:15.262 INFO  [localhost-startStop-2] com.haulmont.cuba.core.sys.CubaThreadPoolTaskScheduler - Shutting down ExecutorService 'scheduler'
18:54:15.536 INFO  [localhost-startStop-2] com.haulmont.cuba.core.sys.CubaCoreApplicationContext - Closing com.haulmont.cuba.core.sys.CubaCoreApplicationContext@351f8374: startup date [Sun Apr 17 18:07:12 CEST 2016]; root of context hierarchy
18:54:15.562 INFO  [localhost-startStop-2] com.haulmont.cuba.core.sys.CubaThreadPoolTaskScheduler - Shutting down ExecutorService 'scheduler'
18:54:15.618 WARN  [localhost-startStop-2] eclipselink.connection - 
