24-Apr-2016 22:23:45.495 INFO [main] org.apache.catalina.startup.VersionLoggerListener.log Server version:        Apache Tomcat/8.0.26
24-Apr-2016 22:23:45.544 INFO [main] org.apache.catalina.startup.VersionLoggerListener.log Server built:          Aug 18 2015 11:38:37 UTC
24-Apr-2016 22:23:45.546 INFO [main] org.apache.catalina.startup.VersionLoggerListener.log Server number:         8.0.26.0
24-Apr-2016 22:23:45.547 INFO [main] org.apache.catalina.startup.VersionLoggerListener.log OS Name:               Windows 10
24-Apr-2016 22:23:45.548 INFO [main] org.apache.catalina.startup.VersionLoggerListener.log OS Version:            10.0
24-Apr-2016 22:23:45.550 INFO [main] org.apache.catalina.startup.VersionLoggerListener.log Architecture:          amd64
24-Apr-2016 22:23:45.551 INFO [main] org.apache.catalina.startup.VersionLoggerListener.log Java Home:             C:\Program Files\Java\jdk1.8.0_65\jre
24-Apr-2016 22:23:45.553 INFO [main] org.apache.catalina.startup.VersionLoggerListener.log JVM Version:           1.8.0_65-b17
24-Apr-2016 22:23:45.555 INFO [main] org.apache.catalina.startup.VersionLoggerListener.log JVM Vendor:            Oracle Corporation
24-Apr-2016 22:23:45.557 INFO [main] org.apache.catalina.startup.VersionLoggerListener.log CATALINA_BASE:         C:\Users\yukorff\studio-projects\gestion-actividades\build\tomcat
24-Apr-2016 22:23:45.558 INFO [main] org.apache.catalina.startup.VersionLoggerListener.log CATALINA_HOME:         C:\Users\yukorff\studio-projects\gestion-actividades\build\tomcat
24-Apr-2016 22:23:45.560 INFO [main] org.apache.catalina.startup.VersionLoggerListener.log Command line argument: -Djava.util.logging.config.file=C:\Users\yukorff\studio-projects\gestion-actividades\build\tomcat\conf\logging.properties
24-Apr-2016 22:23:45.561 INFO [main] org.apache.catalina.startup.VersionLoggerListener.log Command line argument: -Djava.util.logging.manager=org.apache.juli.ClassLoaderLogManager
24-Apr-2016 22:23:45.563 INFO [main] org.apache.catalina.startup.VersionLoggerListener.log Command line argument: -Xmx512m
24-Apr-2016 22:23:45.564 INFO [main] org.apache.catalina.startup.VersionLoggerListener.log Command line argument: -Dfile.encoding=UTF-8
24-Apr-2016 22:23:45.567 INFO [main] org.apache.catalina.startup.VersionLoggerListener.log Command line argument: -Dlogback.configurationFile=../conf/logback.xml
24-Apr-2016 22:23:45.572 INFO [main] org.apache.catalina.startup.VersionLoggerListener.log Command line argument: -Dcom.sun.management.jmxremote
24-Apr-2016 22:23:45.574 INFO [main] org.apache.catalina.startup.VersionLoggerListener.log Command line argument: -Xrunjdwp:transport=dt_socket,address=8787,server=y,suspend=n
24-Apr-2016 22:23:45.577 INFO [main] org.apache.catalina.startup.VersionLoggerListener.log Command line argument: -Djava.endorsed.dirs=C:\Users\yukorff\studio-projects\gestion-actividades\build\tomcat\endorsed
24-Apr-2016 22:23:45.580 INFO [main] org.apache.catalina.startup.VersionLoggerListener.log Command line argument: -Dcatalina.base=C:\Users\yukorff\studio-projects\gestion-actividades\build\tomcat
24-Apr-2016 22:23:45.583 INFO [main] org.apache.catalina.startup.VersionLoggerListener.log Command line argument: -Dcatalina.home=C:\Users\yukorff\studio-projects\gestion-actividades\build\tomcat
24-Apr-2016 22:23:45.586 INFO [main] org.apache.catalina.startup.VersionLoggerListener.log Command line argument: -Djava.io.tmpdir=C:\Users\yukorff\studio-projects\gestion-actividades\build\tomcat\temp
24-Apr-2016 22:23:45.591 INFO [main] org.apache.catalina.core.AprLifecycleListener.lifecycleEvent La biblioteca nativa de Apache Tomcat basada en ARP que permite un rendimiento óptimo en entornos de desarrollo no ha sido hallada en java.library.path: C:\Program Files\Java\jdk1.8.0_65\bin;C:\WINDOWS\Sun\Java\bin;C:\WINDOWS\system32;C:\WINDOWS;C:\ProgramData\Oracle\Java\javapath;C:\Windows\system32;C:\Windows;C:\Windows\System32\Wbem;C:\Windows\System32\WindowsPowerShell\v1.0\;C:\Program Files (x86)\NVIDIA Corporation\PhysX\Common;C:\HashiCorp\Vagrant\bin;C:\xampp\php;C:\ProgramData\ComposerSetup\bin;C:\Users\yukorff\AppData\Roaming\Composer\vendor\bin;C:\Program Files\Git\cmd;C:\Program Files (x86)\Heroku\bin;C:\Program Files (x86)\git\cmd;C:\Program Files\nodejs\;C:\WINDOWS\system32;C:\WINDOWS;C:\WINDOWS\System32\Wbem;C:\WINDOWS\System32\WindowsPowerShell\v1.0\;C:\Program Files (x86)\Skype\Phone\;C:\Program Files (x86)\scala\bin;C:\Users\yukorff\Anaconda3;C:\Users\yukorff\Anaconda3\Scripts;C:\Users\yukorff\Anaconda3\Library\bin;C:\Users\yukorff\AppData\Local\Programs\Python\Python35-32\Scripts\;C:\Users\yukorff\AppData\Local\Programs\Python\Python35-32\;C:\Ruby22\bin;C:\Program Files\Git\bin;C:\Users\yukorff\AppData\Roaming\npm;C:\Users\yukorff\Desktop\origin-1.2.0-rc1;.
