20-Apr-2016 17:25:13.989 INFO [main] org.apache.catalina.startup.VersionLoggerListener.log Server version:        Apache Tomcat/8.0.26
20-Apr-2016 17:25:14.105 INFO [main] org.apache.catalina.startup.VersionLoggerListener.log Server built:          Aug 18 2015 11:38:37 UTC
20-Apr-2016 17:25:14.107 INFO [main] org.apache.catalina.startup.VersionLoggerListener.log Server number:         8.0.26.0
20-Apr-2016 17:25:14.109 INFO [main] org.apache.catalina.startup.VersionLoggerListener.log OS Name:               Windows 10
20-Apr-2016 17:25:14.111 INFO [main] org.apache.catalina.startup.VersionLoggerListener.log OS Version:            10.0
20-Apr-2016 17:25:14.113 INFO [main] org.apache.catalina.startup.VersionLoggerListener.log Architecture:          amd64
20-Apr-2016 17:25:14.116 INFO [main] org.apache.catalina.startup.VersionLoggerListener.log Java Home:             C:\Program Files\Java\jdk1.8.0_65\jre
20-Apr-2016 17:25:14.117 INFO [main] org.apache.catalina.startup.VersionLoggerListener.log JVM Version:           1.8.0_65-b17
20-Apr-2016 17:25:14.119 INFO [main] org.apache.catalina.startup.VersionLoggerListener.log JVM Vendor:            Oracle Corporation
20-Apr-2016 17:25:14.121 INFO [main] org.apache.catalina.startup.VersionLoggerListener.log CATALINA_BASE:         C:\Users\yukorff\studio-projects\gestion-actividades\build\tomcat
20-Apr-2016 17:25:14.123 INFO [main] org.apache.catalina.startup.VersionLoggerListener.log CATALINA_HOME:         C:\Users\yukorff\studio-projects\gestion-actividades\build\tomcat
20-Apr-2016 17:25:14.126 INFO [main] org.apache.catalina.startup.VersionLoggerListener.log Command line argument: -Djava.util.logging.config.file=C:\Users\yukorff\studio-projects\gestion-actividades\build\tomcat\conf\logging.properties
20-Apr-2016 17:25:14.128 INFO [main] org.apache.catalina.startup.VersionLoggerListener.log Command line argument: -Djava.util.logging.manager=org.apache.juli.ClassLoaderLogManager
20-Apr-2016 17:25:14.129 INFO [main] org.apache.catalina.startup.VersionLoggerListener.log Command line argument: -Xmx512m
20-Apr-2016 17:25:14.131 INFO [main] org.apache.catalina.startup.VersionLoggerListener.log Command line argument: -Dfile.encoding=UTF-8
20-Apr-2016 17:25:14.135 INFO [main] org.apache.catalina.startup.VersionLoggerListener.log Command line argument: -Dlogback.configurationFile=../conf/logback.xml
20-Apr-2016 17:25:14.137 INFO [main] org.apache.catalina.startup.VersionLoggerListener.log Command line argument: -Dcom.sun.management.jmxremote
20-Apr-2016 17:25:14.140 INFO [main] org.apache.catalina.startup.VersionLoggerListener.log Command line argument: -Xrunjdwp:transport=dt_socket,address=8787,server=y,suspend=n
20-Apr-2016 17:25:14.142 INFO [main] org.apache.catalina.startup.VersionLoggerListener.log Command line argument: -Djava.endorsed.dirs=C:\Users\yukorff\studio-projects\gestion-actividades\build\tomcat\endorsed
20-Apr-2016 17:25:14.146 INFO [main] org.apache.catalina.startup.VersionLoggerListener.log Command line argument: -Dcatalina.base=C:\Users\yukorff\studio-projects\gestion-actividades\build\tomcat
20-Apr-2016 17:25:14.150 INFO [main] org.apache.catalina.startup.VersionLoggerListener.log Command line argument: -Dcatalina.home=C:\Users\yukorff\studio-projects\gestion-actividades\build\tomcat
20-Apr-2016 17:25:14.153 INFO [main] org.apache.catalina.startup.VersionLoggerListener.log Command line argument: -Djava.io.tmpdir=C:\Users\yukorff\studio-projects\gestion-actividades\build\tomcat\temp
20-Apr-2016 17:25:14.156 INFO [main] org.apache.catalina.core.AprLifecycleListener.lifecycleEvent La biblioteca nativa de Apache Tomcat basada en ARP que permite un rendimiento óptimo en entornos de desarrollo no ha sido hallada en java.library.path: C:\Program Files\Java\jdk1.8.0_65\bin;C:\WINDOWS\Sun\Java\bin;C:\WINDOWS\system32;C:\WINDOWS;C:\ProgramData\Oracle\Java\javapath;C:\Windows\system32;C:\Windows;C:\Windows\System32\Wbem;C:\Windows\System32\WindowsPowerShell\v1.0\;C:\Program Files (x86)\NVIDIA Corporation\PhysX\Common;C:\HashiCorp\Vagrant\bin;C:\xampp\php;C:\ProgramData\ComposerSetup\bin;C:\Users\yukorff\AppData\Roaming\Composer\vendor\bin;C:\Program Files\Git\cmd;C:\Program Files (x86)\Heroku\bin;C:\Program Files (x86)\git\cmd;C:\Program Files\nodejs\;C:\WINDOWS\system32;C:\WINDOWS;C:\WINDOWS\System32\Wbem;C:\WINDOWS\System32\WindowsPowerShell\v1.0\;C:\Program Files (x86)\Skype\Phone\;C:\Program Files (x86)\scala\bin;C:\Users\yukorff\Anaconda3;C:\Users\yukorff\Anaconda3\Scripts;C:\Users\yukorff\Anaconda3\Library\bin;C:\Users\yukorff\AppData\Local\Programs\Python\Python35-32\Scripts\;C:\Users\yukorff\AppData\Local\Programs\Python\Python35-32\;C:\Ruby22\bin;C:\Program Files\Git\bin;C:\Users\yukorff\AppData\Roaming\npm;C:\Program Files (x86)\SSH Communications Security\SSH Secure Shell;.
20-Apr-2016 17:25:19.489 INFO [main] org.apache.coyote.AbstractProtocol.init Initializing ProtocolHandler ["http-nio-8080"]
20-Apr-2016 17:25:19.849 INFO [main] org.apache.tomcat.util.net.NioSelectorPool.getSharedSelector Using a shared selector for servlet write/read
20-Apr-2016 17:25:19.860 INFO [main] org.apache.coyote.AbstractProtocol.init Initializing ProtocolHandler ["ajp-nio-8009"]
20-Apr-2016 17:25:19.875 INFO [main] org.apache.tomcat.util.net.NioSelectorPool.getSharedSelector Using a shared selector for servlet write/read
20-Apr-2016 17:25:19.879 INFO [main] org.apache.catalina.startup.Catalina.load Initialization processed in 6955 ms
20-Apr-2016 17:25:20.025 INFO [main] org.apache.catalina.core.StandardService.startInternal Arrancando servicio Catalina
20-Apr-2016 17:25:20.027 INFO [main] org.apache.catalina.core.StandardEngine.startInternal Starting Servlet Engine: Apache Tomcat/8.0.26
20-Apr-2016 17:25:20.086 INFO [localhost-startStop-1] org.apache.catalina.startup.HostConfig.deployDirectory Despliegue del directorio C:\Users\yukorff\studio-projects\gestion-actividades\build\tomcat\webapps\app de la aplicación web
20-Apr-2016 17:25:39.684 INFO [localhost-startStop-1] org.apache.catalina.startup.HostConfig.deployDirectory Deployment of web application directory C:\Users\yukorff\studio-projects\gestion-actividades\build\tomcat\webapps\app has finished in 19.592 ms
20-Apr-2016 17:25:39.686 INFO [localhost-startStop-1] org.apache.catalina.startup.HostConfig.deployDirectory Despliegue del directorio C:\Users\yukorff\studio-projects\gestion-actividades\build\tomcat\webapps\app-core de la aplicación web
20-Apr-2016 17:25:58.313 INFO [localhost-startStop-1] org.apache.catalina.startup.HostConfig.deployDirectory Deployment of web application directory C:\Users\yukorff\studio-projects\gestion-actividades\build\tomcat\webapps\app-core has finished in 18.627 ms
20-Apr-2016 17:25:58.323 INFO [main] org.apache.coyote.AbstractProtocol.start Starting ProtocolHandler ["http-nio-8080"]
20-Apr-2016 17:25:58.628 INFO [main] org.apache.coyote.AbstractProtocol.start Starting ProtocolHandler ["ajp-nio-8009"]
20-Apr-2016 17:25:58.636 INFO [main] org.apache.catalina.startup.Catalina.start Server startup in 38751 ms
20-Apr-2016 17:26:08.873 WARNING [http-nio-8080-exec-36] com.vaadin.server.DefaultDeploymentConfiguration.checkProductionMode 
=================================================================
Vaadin is running in DEBUG MODE.
Add productionMode=true to web.xml to disable debug features.
To show debug window, add ?debug to your application URL.
=================================================================
20-Apr-2016 18:39:48.379 INFO [main] org.apache.catalina.core.StandardServer.await Se ha recibido un comando de apagado a través del puerto de apagado. Parando la instancia del Servidor.
20-Apr-2016 18:39:48.397 INFO [main] org.apache.coyote.AbstractProtocol.pause Pausing ProtocolHandler ["http-nio-8080"]
20-Apr-2016 18:39:48.460 INFO [main] org.apache.coyote.AbstractProtocol.pause Pausing ProtocolHandler ["ajp-nio-8009"]
20-Apr-2016 18:39:48.515 INFO [main] org.apache.catalina.core.StandardService.stopInternal Parando servicio Catalina
20-Apr-2016 18:39:48.785 WARNING [localhost-startStop-2] org.apache.catalina.loader.WebappClassLoaderBase.clearReferencesThreads The web application [app] appears to have started a thread named [perf4j-async-stats-appender-sink-CoalescingStatistics] but has failed to stop it. This is very likely to create a memory leak. Stack trace of thread:
 sun.misc.Unsafe.park(Native Method)
 java.util.concurrent.locks.LockSupport.parkNanos(LockSupport.java:215)
 java.util.concurrent.locks.AbstractQueuedSynchronizer$ConditionObject.awaitNanos(AbstractQueuedSynchronizer.java:2078)
 java.util.concurrent.ArrayBlockingQueue.poll(ArrayBlockingQueue.java:418)
 org.perf4j.helpers.GenericAsyncCoalescingStatisticsAppender$StopWatchesFromQueueIterator.getNext(GenericAsyncCoalescingStatisticsAppender.java:388)
 org.perf4j.helpers.GenericAsyncCoalescingStatisticsAppender$StopWatchesFromQueueIterator.hasNext(GenericAsyncCoalescingStatisticsAppender.java:349)
 org.perf4j.helpers.GroupingStatisticsIterator.getNext(GroupingStatisticsIterator.java:149)
 org.perf4j.helpers.GroupingStatisticsIterator.hasNext(GroupingStatisticsIterator.java:102)
 org.perf4j.helpers.GenericAsyncCoalescingStatisticsAppender$Dispatcher.run(GenericAsyncCoalescingStatisticsAppender.java:314)
 java.lang.Thread.run(Thread.java:745)
20-Apr-2016 18:39:48.808 WARNING [localhost-startStop-2] org.apache.catalina.loader.WebappClassLoaderBase.clearReferencesThreads The web application [app] appears to have started a thread named [perf4j-async-stats-appender-sink-UICoalescingStatistics] but has failed to stop it. This is very likely to create a memory leak. Stack trace of thread:
 sun.misc.Unsafe.park(Native Method)
 java.util.concurrent.locks.LockSupport.parkNanos(LockSupport.java:215)
 java.util.concurrent.locks.AbstractQueuedSynchronizer$ConditionObject.awaitNanos(AbstractQueuedSynchronizer.java:2078)
 java.util.concurrent.ArrayBlockingQueue.poll(ArrayBlockingQueue.java:418)
 org.perf4j.helpers.GenericAsyncCoalescingStatisticsAppender$StopWatchesFromQueueIterator.getNext(GenericAsyncCoalescingStatisticsAppender.java:388)
 org.perf4j.helpers.GenericAsyncCoalescingStatisticsAppender$StopWatchesFromQueueIterator.hasNext(GenericAsyncCoalescingStatisticsAppender.java:349)
 org.perf4j.helpers.GroupingStatisticsIterator.getNext(GroupingStatisticsIterator.java:149)
 org.perf4j.helpers.GroupingStatisticsIterator.hasNext(GroupingStatisticsIterator.java:102)
 org.perf4j.helpers.GenericAsyncCoalescingStatisticsAppender$Dispatcher.run(GenericAsyncCoalescingStatisticsAppender.java:314)
 java.lang.Thread.run(Thread.java:745)
20-Apr-2016 18:39:48.931 WARNING [localhost-startStop-2] org.apache.catalina.loader.WebappClassLoaderBase.clearReferencesThreads The web application [app-core] appears to have started a thread named [Timer-0] but has failed to stop it. This is very likely to create a memory leak. Stack trace of thread:
 java.lang.Object.wait(Native Method)
 java.util.TimerThread.mainLoop(Timer.java:552)
 java.util.TimerThread.run(Timer.java:505)
20-Apr-2016 18:39:48.989 INFO [main] org.apache.coyote.AbstractProtocol.stop Stopping ProtocolHandler ["http-nio-8080"]
20-Apr-2016 18:39:49.046 INFO [main] org.apache.coyote.AbstractProtocol.stop Stopping ProtocolHandler ["ajp-nio-8009"]
20-Apr-2016 18:39:49.074 INFO [main] org.apache.coyote.AbstractProtocol.destroy Destroying ProtocolHandler ["http-nio-8080"]
20-Apr-2016 18:39:49.097 INFO [main] org.apache.coyote.AbstractProtocol.destroy Destroying ProtocolHandler ["ajp-nio-8009"]
