23-Apr-2016 18:01:30.133 INFO [main] org.apache.catalina.startup.VersionLoggerListener.log Server version:        Apache Tomcat/8.0.26
23-Apr-2016 18:01:30.182 INFO [main] org.apache.catalina.startup.VersionLoggerListener.log Server built:          Aug 18 2015 11:38:37 UTC
23-Apr-2016 18:01:30.188 INFO [main] org.apache.catalina.startup.VersionLoggerListener.log Server number:         8.0.26.0
23-Apr-2016 18:01:30.197 INFO [main] org.apache.catalina.startup.VersionLoggerListener.log OS Name:               Windows 10
23-Apr-2016 18:01:30.203 INFO [main] org.apache.catalina.startup.VersionLoggerListener.log OS Version:            10.0
23-Apr-2016 18:01:30.208 INFO [main] org.apache.catalina.startup.VersionLoggerListener.log Architecture:          amd64
23-Apr-2016 18:01:30.213 INFO [main] org.apache.catalina.startup.VersionLoggerListener.log Java Home:             C:\Program Files\Java\jdk1.8.0_65\jre
23-Apr-2016 18:01:30.219 INFO [main] org.apache.catalina.startup.VersionLoggerListener.log JVM Version:           1.8.0_65-b17
23-Apr-2016 18:01:30.224 INFO [main] org.apache.catalina.startup.VersionLoggerListener.log JVM Vendor:            Oracle Corporation
23-Apr-2016 18:01:30.231 INFO [main] org.apache.catalina.startup.VersionLoggerListener.log CATALINA_BASE:         C:\Users\yukorff\studio-projects\gestion-actividades\build\tomcat
23-Apr-2016 18:01:30.237 INFO [main] org.apache.catalina.startup.VersionLoggerListener.log CATALINA_HOME:         C:\Users\yukorff\studio-projects\gestion-actividades\build\tomcat
23-Apr-2016 18:01:30.248 INFO [main] org.apache.catalina.startup.VersionLoggerListener.log Command line argument: -Djava.util.logging.config.file=C:\Users\yukorff\studio-projects\gestion-actividades\build\tomcat\conf\logging.properties
23-Apr-2016 18:01:30.256 INFO [main] org.apache.catalina.startup.VersionLoggerListener.log Command line argument: -Djava.util.logging.manager=org.apache.juli.ClassLoaderLogManager
23-Apr-2016 18:01:30.265 INFO [main] org.apache.catalina.startup.VersionLoggerListener.log Command line argument: -Xmx512m
23-Apr-2016 18:01:30.269 INFO [main] org.apache.catalina.startup.VersionLoggerListener.log Command line argument: -Dfile.encoding=UTF-8
23-Apr-2016 18:01:30.277 INFO [main] org.apache.catalina.startup.VersionLoggerListener.log Command line argument: -Dlogback.configurationFile=../conf/logback.xml
23-Apr-2016 18:01:30.283 INFO [main] org.apache.catalina.startup.VersionLoggerListener.log Command line argument: -Dcom.sun.management.jmxremote
23-Apr-2016 18:01:30.289 INFO [main] org.apache.catalina.startup.VersionLoggerListener.log Command line argument: -Djava.endorsed.dirs=C:\Users\yukorff\studio-projects\gestion-actividades\build\tomcat\endorsed
23-Apr-2016 18:01:30.299 INFO [main] org.apache.catalina.startup.VersionLoggerListener.log Command line argument: -Dcatalina.base=C:\Users\yukorff\studio-projects\gestion-actividades\build\tomcat
23-Apr-2016 18:01:30.307 INFO [main] org.apache.catalina.startup.VersionLoggerListener.log Command line argument: -Dcatalina.home=C:\Users\yukorff\studio-projects\gestion-actividades\build\tomcat
23-Apr-2016 18:01:30.316 INFO [main] org.apache.catalina.startup.VersionLoggerListener.log Command line argument: -Djava.io.tmpdir=C:\Users\yukorff\studio-projects\gestion-actividades\build\tomcat\temp
23-Apr-2016 18:01:30.327 INFO [main] org.apache.catalina.core.AprLifecycleListener.lifecycleEvent La biblioteca nativa de Apache Tomcat basada en ARP que permite un rendimiento óptimo en entornos de desarrollo no ha sido hallada en java.library.path: C:\Program Files\Java\jdk1.8.0_65\bin;C:\WINDOWS\Sun\Java\bin;C:\WINDOWS\system32;C:\WINDOWS;C:\ProgramData\Oracle\Java\javapath;C:\Windows\system32;C:\Windows;C:\Windows\System32\Wbem;C:\Windows\System32\WindowsPowerShell\v1.0\;C:\Program Files (x86)\NVIDIA Corporation\PhysX\Common;C:\HashiCorp\Vagrant\bin;C:\xampp\php;C:\ProgramData\ComposerSetup\bin;C:\Users\yukorff\AppData\Roaming\Composer\vendor\bin;C:\Program Files\Git\cmd;C:\Program Files (x86)\Heroku\bin;C:\Program Files (x86)\git\cmd;C:\Program Files\nodejs\;C:\WINDOWS\system32;C:\WINDOWS;C:\WINDOWS\System32\Wbem;C:\WINDOWS\System32\WindowsPowerShell\v1.0\;C:\Program Files (x86)\Skype\Phone\;C:\Program Files (x86)\scala\bin;C:\Users\yukorff\Anaconda3;C:\Users\yukorff\Anaconda3\Scripts;C:\Users\yukorff\Anaconda3\Library\bin;C:\Users\yukorff\AppData\Local\Programs\Python\Python35-32\Scripts\;C:\Users\yukorff\AppData\Local\Programs\Python\Python35-32\;C:\Ruby22\bin;C:\Program Files\Git\bin;C:\Users\yukorff\AppData\Roaming\npm;C:\Program Files (x86)\SSH Communications Security\SSH Secure Shell;.
23-Apr-2016 18:01:34.145 INFO [main] org.apache.coyote.AbstractProtocol.init Initializing ProtocolHandler ["http-nio-8080"]
23-Apr-2016 18:01:34.494 INFO [main] org.apache.tomcat.util.net.NioSelectorPool.getSharedSelector Using a shared selector for servlet write/read
23-Apr-2016 18:01:34.499 INFO [main] org.apache.coyote.AbstractProtocol.init Initializing ProtocolHandler ["ajp-nio-8009"]
23-Apr-2016 18:01:34.508 INFO [main] org.apache.tomcat.util.net.NioSelectorPool.getSharedSelector Using a shared selector for servlet write/read
23-Apr-2016 18:01:34.513 INFO [main] org.apache.catalina.startup.Catalina.load Initialization processed in 5059 ms
23-Apr-2016 18:01:34.589 INFO [main] org.apache.catalina.core.StandardService.startInternal Arrancando servicio Catalina
23-Apr-2016 18:01:34.594 INFO [main] org.apache.catalina.core.StandardEngine.startInternal Starting Servlet Engine: Apache Tomcat/8.0.26
23-Apr-2016 18:01:34.649 INFO [localhost-startStop-1] org.apache.catalina.startup.HostConfig.deployDirectory Despliegue del directorio C:\Users\yukorff\studio-projects\gestion-actividades\build\tomcat\webapps\app de la aplicación web
