09-Apr-2016 16:17:12.591 INFO [localhost-startStop-1] org.apache.catalina.core.ApplicationContext.log No Spring WebApplicationInitializer types detected on classpath
09-Apr-2016 16:17:28.056 INFO [localhost-startStop-1] org.apache.catalina.core.ApplicationContext.log Initializing Spring FrameworkServlet 'dispatcher'
09-Apr-2016 16:17:32.034 INFO [localhost-startStop-1] org.apache.catalina.core.ApplicationContext.log No Spring WebApplicationInitializer types detected on classpath
09-Apr-2016 16:17:47.819 INFO [localhost-startStop-1] org.apache.catalina.core.ApplicationContext.log Initializing Spring FrameworkServlet 'remoting'
09-Apr-2016 16:19:04.244 INFO [localhost-startStop-2] org.apache.catalina.core.ApplicationContext.log Destroying Spring FrameworkServlet 'dispatcher'
09-Apr-2016 16:19:04.323 INFO [localhost-startStop-2] org.apache.catalina.core.ApplicationContext.log Destroying Spring FrameworkServlet 'remoting'
09-Apr-2016 16:19:58.255 INFO [localhost-startStop-1] org.apache.catalina.core.ApplicationContext.log No Spring WebApplicationInitializer types detected on classpath
09-Apr-2016 16:20:05.962 INFO [localhost-startStop-1] org.apache.catalina.core.ApplicationContext.log Initializing Spring FrameworkServlet 'dispatcher'
09-Apr-2016 16:20:06.752 INFO [localhost-startStop-1] org.apache.catalina.core.ApplicationContext.log No Spring WebApplicationInitializer types detected on classpath
09-Apr-2016 16:20:21.019 INFO [localhost-startStop-1] org.apache.catalina.core.ApplicationContext.log Initializing Spring FrameworkServlet 'remoting'
09-Apr-2016 16:30:17.593 INFO [localhost-startStop-2] org.apache.catalina.core.ApplicationContext.log Destroying Spring FrameworkServlet 'dispatcher'
09-Apr-2016 16:30:17.653 INFO [localhost-startStop-2] org.apache.catalina.core.ApplicationContext.log Destroying Spring FrameworkServlet 'remoting'
09-Apr-2016 16:35:07.700 INFO [localhost-startStop-1] org.apache.catalina.core.ApplicationContext.log No Spring WebApplicationInitializer types detected on classpath
09-Apr-2016 16:35:14.949 INFO [localhost-startStop-1] org.apache.catalina.core.ApplicationContext.log Initializing Spring FrameworkServlet 'dispatcher'
09-Apr-2016 16:35:15.834 INFO [localhost-startStop-1] org.apache.catalina.core.ApplicationContext.log No Spring WebApplicationInitializer types detected on classpath
09-Apr-2016 16:35:24.597 INFO [localhost-startStop-1] org.apache.catalina.core.ApplicationContext.log Initializing Spring FrameworkServlet 'remoting'
09-Apr-2016 16:46:05.040 INFO [localhost-startStop-2] org.apache.catalina.core.ApplicationContext.log Destroying Spring FrameworkServlet 'dispatcher'
09-Apr-2016 16:46:05.099 INFO [localhost-startStop-2] org.apache.catalina.core.ApplicationContext.log Destroying Spring FrameworkServlet 'remoting'
09-Apr-2016 16:46:45.449 INFO [localhost-startStop-1] org.apache.catalina.core.ApplicationContext.log No Spring WebApplicationInitializer types detected on classpath
09-Apr-2016 16:46:53.345 INFO [localhost-startStop-1] org.apache.catalina.core.ApplicationContext.log Initializing Spring FrameworkServlet 'dispatcher'
09-Apr-2016 16:46:54.262 INFO [localhost-startStop-1] org.apache.catalina.core.ApplicationContext.log No Spring WebApplicationInitializer types detected on classpath
09-Apr-2016 16:47:03.024 INFO [localhost-startStop-1] org.apache.catalina.core.ApplicationContext.log Initializing Spring FrameworkServlet 'remoting'
09-Apr-2016 16:49:00.018 INFO [localhost-startStop-2] org.apache.catalina.core.ApplicationContext.log Destroying Spring FrameworkServlet 'dispatcher'
09-Apr-2016 16:49:00.072 INFO [localhost-startStop-2] org.apache.catalina.core.ApplicationContext.log Destroying Spring FrameworkServlet 'remoting'
09-Apr-2016 16:50:30.724 INFO [localhost-startStop-1] org.apache.catalina.core.ApplicationContext.log No Spring WebApplicationInitializer types detected on classpath
09-Apr-2016 16:50:37.595 INFO [localhost-startStop-1] org.apache.catalina.core.ApplicationContext.log Initializing Spring FrameworkServlet 'dispatcher'
09-Apr-2016 16:50:39.028 INFO [localhost-startStop-1] org.apache.catalina.core.ApplicationContext.log No Spring WebApplicationInitializer types detected on classpath
09-Apr-2016 16:50:49.423 INFO [localhost-startStop-1] org.apache.catalina.core.ApplicationContext.log Initializing Spring FrameworkServlet 'remoting'
09-Apr-2016 17:58:48.812 INFO [localhost-startStop-2] org.apache.catalina.core.ApplicationContext.log Destroying Spring FrameworkServlet 'dispatcher'
09-Apr-2016 17:58:49.234 INFO [localhost-startStop-2] org.apache.catalina.core.ApplicationContext.log Destroying Spring FrameworkServlet 'remoting'
09-Apr-2016 18:00:17.145 INFO [localhost-startStop-1] org.apache.catalina.core.ApplicationContext.log No Spring WebApplicationInitializer types detected on classpath
09-Apr-2016 18:00:33.767 INFO [localhost-startStop-1] org.apache.catalina.core.ApplicationContext.log Initializing Spring FrameworkServlet 'dispatcher'
09-Apr-2016 18:00:37.033 INFO [localhost-startStop-1] org.apache.catalina.core.ApplicationContext.log No Spring WebApplicationInitializer types detected on classpath
09-Apr-2016 18:00:57.308 INFO [localhost-startStop-1] org.apache.catalina.core.ApplicationContext.log Initializing Spring FrameworkServlet 'remoting'
09-Apr-2016 18:01:25.729 SEVERE [http-nio-8080-exec-42] org.apache.catalina.core.StandardWrapperValve.invoke El Servlet.service() para el servlet [app_servlet] en el contexto con ruta [/app] lanzó la excepción [com.vaadin.server.ServiceException: org.apache.catalina.connector.ClientAbortException: java.io.IOException: Se ha anulado una conexión establecida por el software en su equipo host.] con causa raíz
 java.io.IOException: Se ha anulado una conexión establecida por el software en su equipo host.
	at sun.nio.ch.SocketDispatcher.write0(Native Method)
	at sun.nio.ch.SocketDispatcher.write(SocketDispatcher.java:51)
	at sun.nio.ch.IOUtil.writeFromNativeBuffer(IOUtil.java:93)
	at sun.nio.ch.IOUtil.write(IOUtil.java:65)
	at sun.nio.ch.SocketChannelImpl.write(SocketChannelImpl.java:471)
	at org.apache.tomcat.util.net.NioChannel.write(NioChannel.java:127)
	at org.apache.tomcat.util.net.NioBlockingSelector.write(NioBlockingSelector.java:101)
	at org.apache.tomcat.util.net.NioSelectorPool.write(NioSelectorPool.java:172)
	at org.apache.coyote.http11.InternalNioOutputBuffer.writeToSocket(InternalNioOutputBuffer.java:139)
	at org.apache.coyote.http11.InternalNioOutputBuffer.addToBB(InternalNioOutputBuffer.java:197)
	at org.apache.coyote.http11.InternalNioOutputBuffer.access$000(InternalNioOutputBuffer.java:41)
	at org.apache.coyote.http11.InternalNioOutputBuffer$SocketOutputBuffer.doWrite(InternalNioOutputBuffer.java:320)
	at org.apache.coyote.http11.filters.IdentityOutputFilter.doWrite(IdentityOutputFilter.java:84)
	at org.apache.coyote.http11.AbstractOutputBuffer.doWrite(AbstractOutputBuffer.java:256)
	at org.apache.coyote.Response.doWrite(Response.java:503)
	at org.apache.catalina.connector.OutputBuffer.realWriteBytes(OutputBuffer.java:388)
	at org.apache.tomcat.util.buf.ByteChunk.flushBuffer(ByteChunk.java:426)
	at org.apache.catalina.connector.OutputBuffer.doFlush(OutputBuffer.java:342)
	at org.apache.catalina.connector.OutputBuffer.close(OutputBuffer.java:295)
	at org.apache.catalina.connector.CoyoteOutputStream.close(CoyoteOutputStream.java:151)
	at sun.nio.cs.StreamEncoder.implClose(StreamEncoder.java:320)
	at sun.nio.cs.StreamEncoder.close(StreamEncoder.java:149)
	at java.io.OutputStreamWriter.close(OutputStreamWriter.java:233)
	at java.io.BufferedWriter.close(BufferedWriter.java:266)
	at com.vaadin.server.BootstrapHandler.writeBootstrapPage(BootstrapHandler.java:339)
	at com.vaadin.server.BootstrapHandler.synchronizedHandleRequest(BootstrapHandler.java:270)
	at com.vaadin.server.SynchronizedRequestHandler.handleRequest(SynchronizedRequestHandler.java:41)
	at com.haulmont.cuba.web.sys.CubaVaadinServletService$CubaServletBootstrapHandler.handleRequest(CubaVaadinServletService.java:256)
	at com.vaadin.server.VaadinService.handleRequest(VaadinService.java:1408)
	at com.vaadin.server.VaadinServlet.service(VaadinServlet.java:356)
	at com.haulmont.cuba.web.sys.CubaApplicationServlet.serviceAppRequest(CubaApplicationServlet.java:226)
	at com.haulmont.cuba.web.sys.CubaApplicationServlet.service(CubaApplicationServlet.java:149)
	at javax.servlet.http.HttpServlet.service(HttpServlet.java:729)
	at org.apache.catalina.core.ApplicationFilterChain.internalDoFilter(ApplicationFilterChain.java:291)
	at org.apache.catalina.core.ApplicationFilterChain.doFilter(ApplicationFilterChain.java:206)
	at org.apache.tomcat.websocket.server.WsFilter.doFilter(WsFilter.java:52)
	at org.apache.catalina.core.ApplicationFilterChain.internalDoFilter(ApplicationFilterChain.java:239)
	at org.apache.catalina.core.ApplicationFilterChain.doFilter(ApplicationFilterChain.java:206)
	at com.haulmont.cuba.web.sys.CubaHttpFilter.handleNotFiltered(CubaHttpFilter.java:100)
	at com.haulmont.cuba.web.sys.CubaHttpFilter.doFilter(CubaHttpFilter.java:87)
	at org.apache.catalina.core.ApplicationFilterChain.internalDoFilter(ApplicationFilterChain.java:239)
	at org.apache.catalina.core.ApplicationFilterChain.doFilter(ApplicationFilterChain.java:206)
	at org.apache.catalina.core.StandardWrapperValve.invoke(StandardWrapperValve.java:219)
	at org.apache.catalina.core.StandardContextValve.invoke(StandardContextValve.java:106)
	at org.apache.catalina.authenticator.AuthenticatorBase.invoke(AuthenticatorBase.java:502)
	at org.apache.catalina.core.StandardHostValve.invoke(StandardHostValve.java:142)
	at org.apache.catalina.valves.ErrorReportValve.invoke(ErrorReportValve.java:79)
	at org.apache.catalina.valves.AbstractAccessLogValve.invoke(AbstractAccessLogValve.java:616)
	at org.apache.catalina.core.StandardEngineValve.invoke(StandardEngineValve.java:88)
	at org.apache.catalina.connector.CoyoteAdapter.service(CoyoteAdapter.java:518)
	at org.apache.coyote.http11.AbstractHttp11Processor.process(AbstractHttp11Processor.java:1091)
	at org.apache.coyote.AbstractProtocol$AbstractConnectionHandler.process(AbstractProtocol.java:673)
	at org.apache.tomcat.util.net.NioEndpoint$SocketProcessor.doRun(NioEndpoint.java:1526)
	at org.apache.tomcat.util.net.NioEndpoint$SocketProcessor.run(NioEndpoint.java:1482)
	at java.util.concurrent.ThreadPoolExecutor.runWorker(ThreadPoolExecutor.java:1142)
	at java.util.concurrent.ThreadPoolExecutor$Worker.run(ThreadPoolExecutor.java:617)
	at org.apache.tomcat.util.threads.TaskThread$WrappingRunnable.run(TaskThread.java:61)
	at java.lang.Thread.run(Thread.java:745)

09-Apr-2016 18:01:25.746 SEVERE [http-nio-8080-exec-41] org.apache.catalina.core.StandardWrapperValve.invoke El Servlet.service() para el servlet [app_servlet] en el contexto con ruta [/app] lanzó la excepción [com.vaadin.server.ServiceException: org.apache.catalina.connector.ClientAbortException: java.io.IOException: Se ha anulado una conexión establecida por el software en su equipo host.] con causa raíz
 java.io.IOException: Se ha anulado una conexión establecida por el software en su equipo host.
	at sun.nio.ch.SocketDispatcher.write0(Native Method)
	at sun.nio.ch.SocketDispatcher.write(SocketDispatcher.java:51)
	at sun.nio.ch.IOUtil.writeFromNativeBuffer(IOUtil.java:93)
	at sun.nio.ch.IOUtil.write(IOUtil.java:65)
	at sun.nio.ch.SocketChannelImpl.write(SocketChannelImpl.java:471)
	at org.apache.tomcat.util.net.NioChannel.write(NioChannel.java:127)
	at org.apache.tomcat.util.net.NioBlockingSelector.write(NioBlockingSelector.java:101)
	at org.apache.tomcat.util.net.NioSelectorPool.write(NioSelectorPool.java:172)
	at org.apache.coyote.http11.InternalNioOutputBuffer.writeToSocket(InternalNioOutputBuffer.java:139)
	at org.apache.coyote.http11.InternalNioOutputBuffer.addToBB(InternalNioOutputBuffer.java:197)
	at org.apache.coyote.http11.InternalNioOutputBuffer.access$000(InternalNioOutputBuffer.java:41)
	at org.apache.coyote.http11.InternalNioOutputBuffer$SocketOutputBuffer.doWrite(InternalNioOutputBuffer.java:320)
	at org.apache.coyote.http11.filters.IdentityOutputFilter.doWrite(IdentityOutputFilter.java:84)
	at org.apache.coyote.http11.AbstractOutputBuffer.doWrite(AbstractOutputBuffer.java:256)
	at org.apache.coyote.Response.doWrite(Response.java:503)
	at org.apache.catalina.connector.OutputBuffer.realWriteBytes(OutputBuffer.java:388)
	at org.apache.tomcat.util.buf.ByteChunk.flushBuffer(ByteChunk.java:426)
	at org.apache.catalina.connector.OutputBuffer.doFlush(OutputBuffer.java:342)
	at org.apache.catalina.connector.OutputBuffer.close(OutputBuffer.java:295)
	at org.apache.catalina.connector.CoyoteOutputStream.close(CoyoteOutputStream.java:151)
	at sun.nio.cs.StreamEncoder.implClose(StreamEncoder.java:320)
	at sun.nio.cs.StreamEncoder.close(StreamEncoder.java:149)
	at java.io.OutputStreamWriter.close(OutputStreamWriter.java:233)
	at java.io.BufferedWriter.close(BufferedWriter.java:266)
	at com.vaadin.server.BootstrapHandler.writeBootstrapPage(BootstrapHandler.java:339)
	at com.vaadin.server.BootstrapHandler.synchronizedHandleRequest(BootstrapHandler.java:270)
	at com.vaadin.server.SynchronizedRequestHandler.handleRequest(SynchronizedRequestHandler.java:41)
	at com.haulmont.cuba.web.sys.CubaVaadinServletService$CubaServletBootstrapHandler.handleRequest(CubaVaadinServletService.java:256)
	at com.vaadin.server.VaadinService.handleRequest(VaadinService.java:1408)
	at com.vaadin.server.VaadinServlet.service(VaadinServlet.java:356)
	at com.haulmont.cuba.web.sys.CubaApplicationServlet.serviceAppRequest(CubaApplicationServlet.java:226)
	at com.haulmont.cuba.web.sys.CubaApplicationServlet.service(CubaApplicationServlet.java:149)
	at javax.servlet.http.HttpServlet.service(HttpServlet.java:729)
	at org.apache.catalina.core.ApplicationFilterChain.internalDoFilter(ApplicationFilterChain.java:291)
	at org.apache.catalina.core.ApplicationFilterChain.doFilter(ApplicationFilterChain.java:206)
	at org.apache.tomcat.websocket.server.WsFilter.doFilter(WsFilter.java:52)
	at org.apache.catalina.core.ApplicationFilterChain.internalDoFilter(ApplicationFilterChain.java:239)
	at org.apache.catalina.core.ApplicationFilterChain.doFilter(ApplicationFilterChain.java:206)
	at com.haulmont.cuba.web.sys.CubaHttpFilter.handleNotFiltered(CubaHttpFilter.java:100)
	at com.haulmont.cuba.web.sys.CubaHttpFilter.doFilter(CubaHttpFilter.java:87)
	at org.apache.catalina.core.ApplicationFilterChain.internalDoFilter(ApplicationFilterChain.java:239)
	at org.apache.catalina.core.ApplicationFilterChain.doFilter(ApplicationFilterChain.java:206)
	at org.apache.catalina.core.StandardWrapperValve.invoke(StandardWrapperValve.java:219)
	at org.apache.catalina.core.StandardContextValve.invoke(StandardContextValve.java:106)
	at org.apache.catalina.authenticator.AuthenticatorBase.invoke(AuthenticatorBase.java:502)
	at org.apache.catalina.core.StandardHostValve.invoke(StandardHostValve.java:142)
	at org.apache.catalina.valves.ErrorReportValve.invoke(ErrorReportValve.java:79)
	at org.apache.catalina.valves.AbstractAccessLogValve.invoke(AbstractAccessLogValve.java:616)
	at org.apache.catalina.core.StandardEngineValve.invoke(StandardEngineValve.java:88)
	at org.apache.catalina.connector.CoyoteAdapter.service(CoyoteAdapter.java:518)
	at org.apache.coyote.http11.AbstractHttp11Processor.process(AbstractHttp11Processor.java:1091)
	at org.apache.coyote.AbstractProtocol$AbstractConnectionHandler.process(AbstractProtocol.java:673)
	at org.apache.tomcat.util.net.NioEndpoint$SocketProcessor.doRun(NioEndpoint.java:1526)
	at org.apache.tomcat.util.net.NioEndpoint$SocketProcessor.run(NioEndpoint.java:1482)
	at java.util.concurrent.ThreadPoolExecutor.runWorker(ThreadPoolExecutor.java:1142)
	at java.util.concurrent.ThreadPoolExecutor$Worker.run(ThreadPoolExecutor.java:617)
	at org.apache.tomcat.util.threads.TaskThread$WrappingRunnable.run(TaskThread.java:61)
	at java.lang.Thread.run(Thread.java:745)

09-Apr-2016 19:05:24.720 INFO [localhost-startStop-2] org.apache.catalina.core.ApplicationContext.log Destroying Spring FrameworkServlet 'dispatcher'
09-Apr-2016 19:05:24.956 INFO [localhost-startStop-2] org.apache.catalina.core.ApplicationContext.log Destroying Spring FrameworkServlet 'remoting'
09-Apr-2016 19:06:35.576 INFO [localhost-startStop-1] org.apache.catalina.core.ApplicationContext.log No Spring WebApplicationInitializer types detected on classpath
09-Apr-2016 19:06:45.378 INFO [localhost-startStop-1] org.apache.catalina.core.ApplicationContext.log Initializing Spring FrameworkServlet 'dispatcher'
09-Apr-2016 19:06:56.654 INFO [localhost-startStop-1] org.apache.catalina.core.ApplicationContext.log No Spring WebApplicationInitializer types detected on classpath
09-Apr-2016 19:07:10.295 INFO [localhost-startStop-1] org.apache.catalina.core.ApplicationContext.log Initializing Spring FrameworkServlet 'remoting'
09-Apr-2016 19:07:20.737 INFO [ContainerBackgroundProcessor[StandardEngine[Catalina]]] org.apache.catalina.core.ApplicationContext.log Destroying Spring FrameworkServlet 'dispatcher'
09-Apr-2016 19:07:22.333 INFO [localhost-startStop-2] org.apache.catalina.core.ApplicationContext.log No Spring WebApplicationInitializer types detected on classpath
09-Apr-2016 19:07:28.945 INFO [localhost-startStop-2] org.apache.catalina.core.ApplicationContext.log Initializing Spring FrameworkServlet 'dispatcher'
09-Apr-2016 20:20:40.983 INFO [localhost-startStop-3] org.apache.catalina.core.ApplicationContext.log Destroying Spring FrameworkServlet 'dispatcher'
09-Apr-2016 20:20:41.341 INFO [localhost-startStop-3] org.apache.catalina.core.ApplicationContext.log Destroying Spring FrameworkServlet 'remoting'
09-Apr-2016 20:22:35.306 INFO [localhost-startStop-1] org.apache.catalina.core.ApplicationContext.log No Spring WebApplicationInitializer types detected on classpath
09-Apr-2016 20:22:51.316 INFO [localhost-startStop-1] org.apache.catalina.core.ApplicationContext.log Initializing Spring FrameworkServlet 'dispatcher'
09-Apr-2016 20:22:55.965 INFO [localhost-startStop-1] org.apache.catalina.core.ApplicationContext.log No Spring WebApplicationInitializer types detected on classpath
09-Apr-2016 20:23:12.746 INFO [localhost-startStop-1] org.apache.catalina.core.ApplicationContext.log Initializing Spring FrameworkServlet 'remoting'
09-Apr-2016 20:43:13.106 INFO [localhost-startStop-2] org.apache.catalina.core.ApplicationContext.log Destroying Spring FrameworkServlet 'dispatcher'
09-Apr-2016 20:43:13.270 INFO [localhost-startStop-2] org.apache.catalina.core.ApplicationContext.log Destroying Spring FrameworkServlet 'remoting'
09-Apr-2016 20:44:00.932 INFO [localhost-startStop-1] org.apache.catalina.core.ApplicationContext.log No Spring WebApplicationInitializer types detected on classpath
09-Apr-2016 20:44:10.583 INFO [localhost-startStop-1] org.apache.catalina.core.ApplicationContext.log Initializing Spring FrameworkServlet 'dispatcher'
09-Apr-2016 20:44:13.736 INFO [localhost-startStop-1] org.apache.catalina.core.ApplicationContext.log No Spring WebApplicationInitializer types detected on classpath
09-Apr-2016 20:44:24.501 INFO [localhost-startStop-1] org.apache.catalina.core.ApplicationContext.log Initializing Spring FrameworkServlet 'remoting'
