Performance Statistics   2016-04-25 02:50:00 - 2016-04-25 02:51:00
Tag                                                  Avg(ms)         Min         Max     Std Dev       Count
Messages.searchClasspath                                 2,2           0         214        17,3         220
Messages.searchFiles                                     0,9           0         188        12,7         220

Performance Statistics   2016-04-25 02:51:00 - 2016-04-25 02:52:00
Tag                                                  Avg(ms)         Min         Max     Std Dev       Count
Messages.searchClasspath                                 0,9           0          35         4,8          80
Messages.searchFiles                                     0,0           0           2         0,2          80

Performance Statistics   2016-04-25 02:52:00 - 2016-04-25 02:53:00
Tag                                                  Avg(ms)         Min         Max     Std Dev       Count

Performance Statistics   2016-04-25 02:53:00 - 2016-04-25 02:54:00
Tag                                                  Avg(ms)         Min         Max     Std Dev       Count

Performance Statistics   2016-04-25 02:54:00 - 2016-04-25 02:55:00
Tag                                                  Avg(ms)         Min         Max     Std Dev       Count

Performance Statistics   2016-04-25 02:55:00 - 2016-04-25 02:56:00
Tag                                                  Avg(ms)         Min         Max     Std Dev       Count

Performance Statistics   2016-04-25 02:56:00 - 2016-04-25 02:57:00
Tag                                                  Avg(ms)         Min         Max     Std Dev       Count

Performance Statistics   2016-04-25 02:57:00 - 2016-04-25 02:58:00
Tag                                                  Avg(ms)         Min         Max     Std Dev       Count

Performance Statistics   2016-04-25 02:58:00 - 2016-04-25 02:59:00
Tag                                                  Avg(ms)         Min         Max     Std Dev       Count

Performance Statistics   2016-04-25 02:59:00 - 2016-04-25 03:00:00
Tag                                                  Avg(ms)         Min         Max     Std Dev       Count

Performance Statistics   2016-04-25 03:00:00 - 2016-04-25 03:01:00
Tag                                                  Avg(ms)         Min         Max     Std Dev       Count

Performance Statistics   2016-04-25 03:01:00 - 2016-04-25 03:02:00
Tag                                                  Avg(ms)         Min         Max     Std Dev       Count

Performance Statistics   2016-04-25 03:02:00 - 2016-04-25 03:03:00
Tag                                                  Avg(ms)         Min         Max     Std Dev       Count

Performance Statistics   2016-04-25 03:03:00 - 2016-04-25 03:04:00
Tag                                                  Avg(ms)         Min         Max     Std Dev       Count

Performance Statistics   2016-04-25 03:04:00 - 2016-04-25 03:05:00
Tag                                                  Avg(ms)         Min         Max     Std Dev       Count

Performance Statistics   2016-04-25 03:05:00 - 2016-04-25 03:06:00
Tag                                                  Avg(ms)         Min         Max     Std Dev       Count

Performance Statistics   2016-04-25 03:06:00 - 2016-04-25 03:07:00
Tag                                                  Avg(ms)         Min         Max     Std Dev       Count

Performance Statistics   2016-04-25 03:07:00 - 2016-04-25 03:08:00
Tag                                                  Avg(ms)         Min         Max     Std Dev       Count

Performance Statistics   2016-04-25 03:08:00 - 2016-04-25 03:09:00
Tag                                                  Avg(ms)         Min         Max     Std Dev       Count

Performance Statistics   2016-04-25 03:09:00 - 2016-04-25 03:10:00
Tag                                                  Avg(ms)         Min         Max     Std Dev       Count

Performance Statistics   2016-04-25 03:10:00 - 2016-04-25 03:11:00
Tag                                                  Avg(ms)         Min         Max     Std Dev       Count

Performance Statistics   2016-04-25 03:11:00 - 2016-04-25 03:12:00
Tag                                                  Avg(ms)         Min         Max     Std Dev       Count

Performance Statistics   2016-04-25 03:12:00 - 2016-04-25 03:13:00
Tag                                                  Avg(ms)         Min         Max     Std Dev       Count

Performance Statistics   2016-04-25 03:13:00 - 2016-04-25 03:14:00
Tag                                                  Avg(ms)         Min         Max     Std Dev       Count

Performance Statistics   2016-04-25 03:14:00 - 2016-04-25 03:15:00
Tag                                                  Avg(ms)         Min         Max     Std Dev       Count

Performance Statistics   2016-04-25 03:15:00 - 2016-04-25 03:16:00
Tag                                                  Avg(ms)         Min         Max     Std Dev       Count

Performance Statistics   2016-04-25 03:16:00 - 2016-04-25 03:17:00
Tag                                                  Avg(ms)         Min         Max     Std Dev       Count

Performance Statistics   2016-04-25 03:17:00 - 2016-04-25 03:18:00
Tag                                                  Avg(ms)         Min         Max     Std Dev       Count

Performance Statistics   2016-04-25 03:18:00 - 2016-04-25 03:19:00
Tag                                                  Avg(ms)         Min         Max     Std Dev       Count

Performance Statistics   2016-04-25 03:19:00 - 2016-04-25 03:20:00
Tag                                                  Avg(ms)         Min         Max     Std Dev       Count

Performance Statistics   2016-04-25 03:20:00 - 2016-04-25 03:21:00
Tag                                                  Avg(ms)         Min         Max     Std Dev       Count

Performance Statistics   2016-04-25 03:21:00 - 2016-04-25 03:22:00
Tag                                                  Avg(ms)         Min         Max     Std Dev       Count

Performance Statistics   2016-04-25 03:22:00 - 2016-04-25 03:23:00
Tag                                                  Avg(ms)         Min         Max     Std Dev       Count

Performance Statistics   2016-04-25 03:23:00 - 2016-04-25 03:24:00
Tag                                                  Avg(ms)         Min         Max     Std Dev       Count

Performance Statistics   2016-04-25 03:24:00 - 2016-04-25 03:25:00
Tag                                                  Avg(ms)         Min         Max     Std Dev       Count

Performance Statistics   2016-04-25 03:25:00 - 2016-04-25 03:26:00
Tag                                                  Avg(ms)         Min         Max     Std Dev       Count

Performance Statistics   2016-04-25 03:26:00 - 2016-04-25 03:27:00
Tag                                                  Avg(ms)         Min         Max     Std Dev       Count

Performance Statistics   2016-04-25 03:27:00 - 2016-04-25 03:28:00
Tag                                                  Avg(ms)         Min         Max     Std Dev       Count

Performance Statistics   2016-04-25 03:28:00 - 2016-04-25 03:29:00
Tag                                                  Avg(ms)         Min         Max     Std Dev       Count

Performance Statistics   2016-04-25 03:29:00 - 2016-04-25 03:30:00
Tag                                                  Avg(ms)         Min         Max     Std Dev       Count

Performance Statistics   2016-04-25 03:30:00 - 2016-04-25 03:31:00
Tag                                                  Avg(ms)         Min         Max     Std Dev       Count

Performance Statistics   2016-04-25 03:31:00 - 2016-04-25 03:32:00
Tag                                                  Avg(ms)         Min         Max     Std Dev       Count

Performance Statistics   2016-04-25 03:32:00 - 2016-04-25 03:33:00
Tag                                                  Avg(ms)         Min         Max     Std Dev       Count

Performance Statistics   2016-04-25 03:33:00 - 2016-04-25 03:34:00
Tag                                                  Avg(ms)         Min         Max     Std Dev       Count

Performance Statistics   2016-04-25 03:34:00 - 2016-04-25 03:35:00
Tag                                                  Avg(ms)         Min         Max     Std Dev       Count

Performance Statistics   2016-04-25 03:35:00 - 2016-04-25 03:36:00
Tag                                                  Avg(ms)         Min         Max     Std Dev       Count

Performance Statistics   2016-04-25 03:36:00 - 2016-04-25 03:37:00
Tag                                                  Avg(ms)         Min         Max     Std Dev       Count

Performance Statistics   2016-04-25 03:37:00 - 2016-04-25 03:38:00
Tag                                                  Avg(ms)         Min         Max     Std Dev       Count

Performance Statistics   2016-04-25 03:38:00 - 2016-04-25 03:39:00
Tag                                                  Avg(ms)         Min         Max     Std Dev       Count

Performance Statistics   2016-04-25 03:39:00 - 2016-04-25 03:40:00
Tag                                                  Avg(ms)         Min         Max     Std Dev       Count

Performance Statistics   2016-04-25 03:40:00 - 2016-04-25 03:41:00
Tag                                                  Avg(ms)         Min         Max     Std Dev       Count

Performance Statistics   2016-04-25 03:41:00 - 2016-04-25 03:42:00
Tag                                                  Avg(ms)         Min         Max     Std Dev       Count

Performance Statistics   2016-04-25 03:42:00 - 2016-04-25 03:43:00
Tag                                                  Avg(ms)         Min         Max     Std Dev       Count

Performance Statistics   2016-04-25 03:43:00 - 2016-04-25 03:44:00
Tag                                                  Avg(ms)         Min         Max     Std Dev       Count

Performance Statistics   2016-04-25 03:44:00 - 2016-04-25 03:45:00
Tag                                                  Avg(ms)         Min         Max     Std Dev       Count

Performance Statistics   2016-04-25 03:45:00 - 2016-04-25 03:46:00
Tag                                                  Avg(ms)         Min         Max     Std Dev       Count

Performance Statistics   2016-04-25 03:46:00 - 2016-04-25 03:47:00
Tag                                                  Avg(ms)         Min         Max     Std Dev       Count

Performance Statistics   2016-04-25 03:47:00 - 2016-04-25 03:48:00
Tag                                                  Avg(ms)         Min         Max     Std Dev       Count

Performance Statistics   2016-04-25 03:48:00 - 2016-04-25 03:49:00
Tag                                                  Avg(ms)         Min         Max     Std Dev       Count

Performance Statistics   2016-04-25 03:49:00 - 2016-04-25 03:50:00
Tag                                                  Avg(ms)         Min         Max     Std Dev       Count

Performance Statistics   2016-04-25 03:50:00 - 2016-04-25 03:51:00
Tag                                                  Avg(ms)         Min         Max     Std Dev       Count

Performance Statistics   2016-04-25 03:51:00 - 2016-04-25 03:52:00
Tag                                                  Avg(ms)         Min         Max     Std Dev       Count

Performance Statistics   2016-04-25 03:52:00 - 2016-04-25 03:53:00
Tag                                                  Avg(ms)         Min         Max     Std Dev       Count

Performance Statistics   2016-04-25 03:53:00 - 2016-04-25 03:54:00
Tag                                                  Avg(ms)         Min         Max     Std Dev       Count

Performance Statistics   2016-04-25 03:54:00 - 2016-04-25 03:55:00
Tag                                                  Avg(ms)         Min         Max     Std Dev       Count

Performance Statistics   2016-04-25 03:55:00 - 2016-04-25 03:56:00
Tag                                                  Avg(ms)         Min         Max     Std Dev       Count

Performance Statistics   2016-04-25 03:56:00 - 2016-04-25 03:57:00
Tag                                                  Avg(ms)         Min         Max     Std Dev       Count

Performance Statistics   2016-04-25 03:57:00 - 2016-04-25 03:58:00
Tag                                                  Avg(ms)         Min         Max     Std Dev       Count

Performance Statistics   2016-04-25 03:58:00 - 2016-04-25 03:59:00
Tag                                                  Avg(ms)         Min         Max     Std Dev       Count

Performance Statistics   2016-04-25 03:59:00 - 2016-04-25 04:00:00
Tag                                                  Avg(ms)         Min         Max     Std Dev       Count

Performance Statistics   2016-04-25 04:00:00 - 2016-04-25 04:01:00
Tag                                                  Avg(ms)         Min         Max     Std Dev       Count

Performance Statistics   2016-04-25 04:01:00 - 2016-04-25 04:02:00
Tag                                                  Avg(ms)         Min         Max     Std Dev       Count

Performance Statistics   2016-04-25 04:02:00 - 2016-04-25 04:03:00
Tag                                                  Avg(ms)         Min         Max     Std Dev       Count

Performance Statistics   2016-04-25 04:03:00 - 2016-04-25 04:04:00
Tag                                                  Avg(ms)         Min         Max     Std Dev       Count

Performance Statistics   2016-04-25 04:04:00 - 2016-04-25 04:05:00
Tag                                                  Avg(ms)         Min         Max     Std Dev       Count

Performance Statistics   2016-04-25 04:05:00 - 2016-04-25 04:06:00
Tag                                                  Avg(ms)         Min         Max     Std Dev       Count

Performance Statistics   2016-04-25 04:06:00 - 2016-04-25 04:07:00
Tag                                                  Avg(ms)         Min         Max     Std Dev       Count

Performance Statistics   2016-04-25 20:06:00 - 2016-04-25 20:07:00
Tag                                                  Avg(ms)         Min         Max     Std Dev       Count
Messages.searchClasspath                                 0,3           0          13         1,4         300
Messages.searchFiles                                     0,1           0          17         1,0         300

Performance Statistics   2016-04-25 20:07:00 - 2016-04-25 20:08:00
Tag                                                  Avg(ms)         Min         Max     Std Dev       Count
Messages.searchClasspath                                 0,1           0          19         1,0         952
Messages.searchFiles                                     0,0           0           5         0,3         952
Metadata.replaceExtendedMetaClasses                      1,0           1           1         0,0           1

Performance Statistics   2016-04-25 20:08:00 - 2016-04-25 20:09:00
Tag                                                  Avg(ms)         Min         Max     Std Dev       Count
AppFolders                                              56,0          56          56         0,0           1
LoadClass                                                3,5           0           7         3,5           2
Messages.searchClasspath                                 0,0           0           8         0,4        1469
Messages.searchFiles                                     0,0           0           2         0,1        1469
Metadata.replaceExtendedMetaClasses                      3,0           3           3         0,0           1
SearchFolders                                           58,0          58          58         0,0           1
ViewRepository.init.ViewRepositoryClientImpl            31,0          31          31         0,0           1

